<?xml version="1.0" encoding="UTF-8"?>
<!-- Generated by org.testng.reporters.JUnitXMLReporter -->
<testsuite hostname="Vivek-Singhs-MacBook-Air.local" ignored="0" name="Default test" tests="7" failures="1" timestamp="20 Jun 2017 08:53:37 GMT" time="0.181" errors="0">
  <testcase name="@BeforeClass setup" time="0.0" classname="Moderator_Web_App.Network_Capturing">
    <failure type="org.testng.TestNGException" message="
Parameter &amp;apos;browser&amp;apos; is required by BeforeClass on method setup but has not been marked @Optional or defined
in /private/var/folders/_0/0pkygldd4nx286mc73znws_w0000gn/T/testng-eclipse--720103407/testng-customsuite.xml">
      <![CDATA[org.testng.TestNGException: 
Parameter 'browser' is required by BeforeClass on method setup but has not been marked @Optional or defined
in /private/var/folders/_0/0pkygldd4nx286mc73znws_w0000gn/T/testng-eclipse--720103407/testng-customsuite.xml
	at org.testng.internal.Parameters.createParameters(Parameters.java:199)
	at org.testng.internal.Parameters.createParameters(Parameters.java:443)
	at org.testng.internal.Parameters.createConfigurationParameters(Parameters.java:118)
	at org.testng.internal.Invoker.invokeConfigurations(Invoker.java:203)
	at org.testng.internal.Invoker.invokeConfigurations(Invoker.java:144)
	at org.testng.internal.TestMethodWorker.invokeBeforeClassMethods(TestMethodWorker.java:169)
	at org.testng.internal.TestMethodWorker.run(TestMethodWorker.java:108)
	at org.testng.TestRunner.privateRun(TestRunner.java:756)
	at org.testng.TestRunner.run(TestRunner.java:610)
	at org.testng.SuiteRunner.runTest(SuiteRunner.java:387)
	at org.testng.SuiteRunner.runSequentially(SuiteRunner.java:382)
	at org.testng.SuiteRunner.privateRun(SuiteRunner.java:340)
	at org.testng.SuiteRunner.run(SuiteRunner.java:289)
	at org.testng.SuiteRunnerWorker.runSuite(SuiteRunnerWorker.java:52)
	at org.testng.SuiteRunnerWorker.run(SuiteRunnerWorker.java:86)
	at org.testng.TestNG.runSuitesSequentially(TestNG.java:1293)
	at org.testng.TestNG.runSuitesLocally(TestNG.java:1218)
	at org.testng.TestNG.runSuites(TestNG.java:1133)
	at org.testng.TestNG.run(TestNG.java:1104)
	at org.testng.remote.AbstractRemoteTestNG.run(AbstractRemoteTestNG.java:132)
	at org.testng.remote.RemoteTestNG.initAndRun(RemoteTestNG.java:236)
	at org.testng.remote.RemoteTestNG.main(RemoteTestNG.java:81)
]]>
    </failure>
  </testcase> <!-- @BeforeClass setup -->
  <testcase name="@AfterClass shutdown" time="0.0" classname="Moderator_Web_App.Network_Capturing">
    <skipped/>
  </testcase> <!-- @AfterClass shutdown -->
  <testcase name="operation1" time="0.0" classname="Moderator_Web_App.Network_Capturing">
    <failure type="org.testng.TestNGException" message="
Parameter &amp;apos;web_app_type&amp;apos; is required by @Test on method operation1 but has not been marked @Optional or defined
in /private/var/folders/_0/0pkygldd4nx286mc73znws_w0000gn/T/testng-eclipse--720103407/testng-customsuite.xml">
      <![CDATA[org.testng.TestNGException: 
Parameter 'web_app_type' is required by @Test on method operation1 but has not been marked @Optional or defined
in /private/var/folders/_0/0pkygldd4nx286mc73znws_w0000gn/T/testng-eclipse--720103407/testng-customsuite.xml
	at org.testng.internal.Parameters.createParameters(Parameters.java:199)
	at org.testng.internal.Parameters.createParameters(Parameters.java:443)
	at org.testng.internal.Parameters.handleParameters(Parameters.java:568)
	at org.testng.internal.Invoker.handleParameters(Invoker.java:1293)
	at org.testng.internal.Invoker.createParameters(Invoker.java:1020)
	at org.testng.internal.Invoker.invokeTestMethods(Invoker.java:1110)
	at org.testng.internal.TestMethodWorker.invokeTestMethods(TestMethodWorker.java:129)
	at org.testng.internal.TestMethodWorker.run(TestMethodWorker.java:112)
	at org.testng.TestRunner.privateRun(TestRunner.java:756)
	at org.testng.TestRunner.run(TestRunner.java:610)
	at org.testng.SuiteRunner.runTest(SuiteRunner.java:387)
	at org.testng.SuiteRunner.runSequentially(SuiteRunner.java:382)
	at org.testng.SuiteRunner.privateRun(SuiteRunner.java:340)
	at org.testng.SuiteRunner.run(SuiteRunner.java:289)
	at org.testng.SuiteRunnerWorker.runSuite(SuiteRunnerWorker.java:52)
	at org.testng.SuiteRunnerWorker.run(SuiteRunnerWorker.java:86)
	at org.testng.TestNG.runSuitesSequentially(TestNG.java:1293)
	at org.testng.TestNG.runSuitesLocally(TestNG.java:1218)
	at org.testng.TestNG.runSuites(TestNG.java:1133)
	at org.testng.TestNG.run(TestNG.java:1104)
	at org.testng.remote.AbstractRemoteTestNG.run(AbstractRemoteTestNG.java:132)
	at org.testng.remote.RemoteTestNG.initAndRun(RemoteTestNG.java:236)
	at org.testng.remote.RemoteTestNG.main(RemoteTestNG.java:81)
]]>
    </failure>
  </testcase> <!-- operation1 -->
  <testcase name="operation2" time="0.009" classname="Moderator_Web_App.Network_Capturing">
    <skipped/>
  </testcase> <!-- operation2 -->
  <testcase name="opeartion3" time="0.001" classname="Moderator_Web_App.Network_Capturing">
    <skipped/>
  </testcase> <!-- opeartion3 -->
  <testcase name="operation4" time="0.001" classname="Moderator_Web_App.Network_Capturing">
    <skipped/>
  </testcase> <!-- operation4 -->
  <testcase name="opeartion5" time="0.002" classname="Moderator_Web_App.Network_Capturing">
    <skipped/>
  </testcase> <!-- opeartion5 -->
  <testcase name="opeartion6" time="0.002" classname="Moderator_Web_App.Network_Capturing">
    <skipped/>
  </testcase> <!-- opeartion6 -->
  <testcase name="opeartion7" time="0.002" classname="Moderator_Web_App.Network_Capturing">
    <skipped/>
  </testcase> <!-- opeartion7 -->
</testsuite> <!-- Default test -->
